2021-10-16T11:36:23.700Z [User Mangement!] error: id exists
2021-10-16T11:38:43.595Z [User Mangement!] error: id not exists for updating
2021-10-16T11:41:54.287Z [User Mangement!] error: "id" is required
2021-10-16T15:48:25.855Z [User Mangement!] error: id not exists for updating
2021-10-16T15:49:38.963Z [User Mangement!] error: id not exists the user to delete it
2021-10-16T15:50:25.433Z [User Mangement!] error: id not exists the user to delete it
2021-10-20T10:52:04.415Z [User Mangement!] error: [object Object]
2021-10-20T14:57:11.000Z [User Mangement!] error: [object Object]
2021-10-20T14:57:34.534Z [User Mangement!] error: [object Object]
2021-10-20T14:57:49.546Z [User Mangement!] error: [object Object]
2021-10-21T09:35:48.887Z [User Mangement!] error: "email" must be a valid email
2021-10-21T09:36:17.855Z [User Mangement!] error: "password" length must be at least 8 characters long
2021-10-21T09:49:05.109Z [User Mangement!] error: "password" length must be less than or equal to 10 characters long
2021-10-23T11:06:17.560Z [User Mangement!] error: "email" is required
2021-10-27T08:38:48.677Z [User Mangement!] error: "email" is required
2021-10-27T08:39:43.860Z [User Mangement!] error: "password" length must be less than or equal to 10 characters long
2021-10-28T08:38:42.501Z [User Mangement!] error: id not exists the user to delete it
2021-10-28T08:46:41.255Z [User Mangement!] error: "email" is required
2021-10-28T10:58:22.311Z [User Mangement!] error: "id" is required
2021-11-04T07:34:57.415Z [User Mangement!] error: "password" must only contain alpha-numeric characters
2021-11-06T06:41:44.723Z [User Mangement!] error: "id" is required
2021-11-06T06:42:36.582Z [User Mangement!] error: "firstName" is required
2021-11-06T06:43:32.839Z [User Mangement!] error: "role" length must be at least 5 characters long
