2021-10-16T12:30:23.468Z [User Mangement!] info: successfuly get data
2021-10-16T12:32:59.496Z [User Mangement!] info: successfuly get data
2021-10-16T12:38:10.977Z [User Mangement!] info: successfuly get data
2021-10-16T13:15:48.994Z [User Mangement!] info: successfuly get data
2021-10-16T13:17:40.228Z [User Mangement!] info: successfuly get data
2021-10-16T13:18:31.911Z [User Mangement!] info: successfuly created new user
2021-10-16T13:19:55.636Z [User Mangement!] info: successfuly get data
2021-10-16T13:20:34.795Z [User Mangement!] info: successfuly get data
2021-10-16T15:45:32.969Z [User Mangement!] info: successfuly get data
2021-10-16T15:46:47.726Z [User Mangement!] info: successfuly created new user
2021-10-16T15:46:55.564Z [User Mangement!] info: successfuly get data
2021-10-16T15:48:07.931Z [User Mangement!] info: successfuly updated the user
2021-10-16T15:48:25.855Z [User Mangement!] error: id not exists for updating
2021-10-16T15:49:38.963Z [User Mangement!] error: id not exists the user to delete it
2021-10-16T15:49:51.501Z [User Mangement!] info: successfuly deleted the user
2021-10-16T15:50:25.433Z [User Mangement!] error: id not exists the user to delete it
2021-10-16T15:52:46.122Z [User Mangement!] info: successfuly get data
2021-10-16T15:52:53.305Z [User Mangement!] info: successfuly got one user
2021-10-16T15:54:19.670Z [User Mangement!] info: successfuly got one user
2021-10-16T16:14:55.146Z [User Mangement!] info: successfuly got one user
2021-10-16T16:16:26.566Z [User Mangement!] info: successfuly got one user
2021-10-16T16:19:57.416Z [User Mangement!] info: successfuly got one user
2021-10-16T16:20:53.393Z [User Mangement!] info: successfuly got one user
2021-10-16T16:23:28.619Z [User Mangement!] info: successfuly got one user
2021-10-16T16:23:35.268Z [User Mangement!] info: successfuly got one user
2021-10-16T16:23:44.278Z [User Mangement!] info: successfuly got one user
2021-10-16T16:24:24.324Z [User Mangement!] info: successfuly got one user
2021-10-18T05:11:54.140Z [User Mangement!] info: successfuly get data
2021-10-18T05:20:07.900Z [User Mangement!] info: successfuly get data
2021-10-20T08:35:19.806Z [User Mangement!] info: successfuly get data
2021-10-20T08:35:33.159Z [User Mangement!] info: successfuly get data
2021-10-20T10:08:58.593Z [User Mangement!] info: successfuly get data
2021-10-20T10:45:41.269Z [User Mangement!] info: successfuly get data
2021-10-20T10:51:26.003Z [User Mangement!] info: successfuly get data
2021-10-20T10:51:44.159Z [User Mangement!] info: successfuly get data
2021-10-20T10:52:04.415Z [User Mangement!] error: [object Object]
2021-10-20T10:54:28.753Z [User Mangement!] info: successfuly created new user
2021-10-20T10:54:38.353Z [User Mangement!] info: successfuly get data
2021-10-20T10:57:06.568Z [User Mangement!] info: successfuly created new user
2021-10-20T10:57:12.787Z [User Mangement!] info: successfuly get data
2021-10-20T14:35:08.841Z [User Mangement!] info: successfuly get data
2021-10-20T14:51:59.881Z [User Mangement!] info: successfuly get data
2021-10-20T14:56:25.868Z [User Mangement!] info: successfuly created new user
2021-10-20T14:57:11.000Z [User Mangement!] error: [object Object]
2021-10-20T14:57:34.534Z [User Mangement!] error: [object Object]
2021-10-20T14:57:49.546Z [User Mangement!] error: [object Object]
2021-10-21T09:35:48.887Z [User Mangement!] error: "email" must be a valid email
2021-10-21T09:36:17.855Z [User Mangement!] error: "password" length must be at least 8 characters long
2021-10-21T09:49:05.109Z [User Mangement!] error: "password" length must be less than or equal to 10 characters long
2021-10-23T10:39:31.655Z [User Mangement!] info: successfuly get data
2021-10-23T10:42:37.878Z [User Mangement!] info: successfuly get data
2021-10-23T10:57:49.011Z [User Mangement!] info: successfuly get data
2021-10-23T11:00:27.165Z [User Mangement!] info: successfuly get data
2021-10-23T11:01:02.389Z [User Mangement!] info: successfuly get data
2021-10-23T11:01:18.465Z [User Mangement!] info: successfuly get data
2021-10-23T11:01:51.312Z [User Mangement!] info: successfuly get data
2021-10-23T11:04:13.173Z [User Mangement!] info: successfuly get data
2021-10-23T11:05:06.886Z [User Mangement!] info: successfuly get data
2021-10-23T11:06:05.992Z [User Mangement!] info: successfuly get data
2021-10-23T11:06:17.560Z [User Mangement!] error: "email" is required
2021-10-25T05:38:56.330Z [User Mangement!] info: successfuly get data
2021-10-25T05:39:15.760Z [User Mangement!] info: successfuly get data
2021-10-25T05:39:34.139Z [User Mangement!] info: successfuly get data
2021-10-25T05:40:43.958Z [User Mangement!] info: successfuly get data
2021-10-25T05:40:55.394Z [User Mangement!] info: successfuly get data
